0 info it worked if it ends with ok
1 verbose cli [ 'node',
1 verbose cli   '/usr/local/bin/npm',
1 verbose cli   'install',
1 verbose cli   'angular-mocks',
1 verbose cli   '--save-dev' ]
2 info using npm@1.3.9
3 info using node@v0.10.17
4 verbose node symlink /usr/local/bin/node
5 verbose readDependencies using package.json deps
6 verbose cache add [ 'angular-mocks', null ]
7 verbose cache add name=undefined spec="angular-mocks" args=["angular-mocks",null]
8 verbose parsed url { protocol: null,
8 verbose parsed url   slashes: null,
8 verbose parsed url   auth: null,
8 verbose parsed url   host: null,
8 verbose parsed url   port: null,
8 verbose parsed url   hostname: null,
8 verbose parsed url   hash: null,
8 verbose parsed url   search: null,
8 verbose parsed url   query: null,
8 verbose parsed url   pathname: 'angular-mocks',
8 verbose parsed url   path: 'angular-mocks',
8 verbose parsed url   href: 'angular-mocks' }
9 silly lockFile 8931440b-angular-mocks angular-mocks
10 verbose lock angular-mocks /Users/kevinvile/.npm/8931440b-angular-mocks.lock
11 silly lockFile 8931440b-angular-mocks angular-mocks
12 silly lockFile 8931440b-angular-mocks angular-mocks
13 verbose addNamed [ 'angular-mocks', '' ]
14 verbose addNamed [ null, '*' ]
15 silly lockFile e61b77e9-angular-mocks angular-mocks@
16 verbose lock angular-mocks@ /Users/kevinvile/.npm/e61b77e9-angular-mocks.lock
17 silly addNameRange { name: 'angular-mocks', range: '*', hasData: false }
18 verbose url raw angular-mocks
19 verbose url resolving [ 'https://registry.npmjs.org/', './angular-mocks' ]
20 verbose url resolved https://registry.npmjs.org/angular-mocks
21 info trying registry request attempt 1 at 17:18:23
22 http GET https://registry.npmjs.org/angular-mocks
23 http 404 https://registry.npmjs.org/angular-mocks
24 silly registry.get cb [ 404,
24 silly registry.get   { date: 'Mon, 24 Feb 2014 22:18:23 GMT',
24 silly registry.get     server: 'CouchDB/1.5.0 (Erlang OTP/R16B)',
24 silly registry.get     'content-type': 'application/json',
24 silly registry.get     via: '1.1 varnish',
24 silly registry.get     'cache-control': 'max-age=0',
24 silly registry.get     'content-length': '52',
24 silly registry.get     'accept-ranges': 'bytes',
24 silly registry.get     age: '0',
24 silly registry.get     'x-served-by': 'cache-v37-ASH, cache-jfk1034-JFK',
24 silly registry.get     'x-cache': 'MISS, MISS',
24 silly registry.get     'x-cache-hits': '0, 0',
24 silly registry.get     'x-timer': 'S1393280303.662527323,VS0,VS51,VE72,VE28',
24 silly registry.get     'keep-alive': 'timeout=10, max=50',
24 silly registry.get     connection: 'Keep-Alive' } ]
25 silly lockFile e61b77e9-angular-mocks angular-mocks@
26 silly lockFile e61b77e9-angular-mocks angular-mocks@
27 error 404 'angular-mocks' is not in the npm registry.
27 error 404 You should bug the author to publish it
27 error 404
27 error 404 Note that you can also install from a
27 error 404 tarball, folder, or http url, or git url.
28 error System Darwin 12.5.0
29 error command "node" "/usr/local/bin/npm" "install" "angular-mocks" "--save-dev"
30 error cwd /www/sites/lineman-angular-default
31 error node -v v0.10.17
32 error npm -v 1.3.9
33 error code E404
34 verbose exit [ 1, true ]
